[debug] [2025-03-06T00:38:32.164Z] ----------------------------------------------------------------------
[debug] [2025-03-06T00:38:32.166Z] Command:       C:\Program Files\nodejs\node.exe C:\Users\AlexQQ\AppData\Roaming\npm\node_modules\firebase-tools\lib\bin\firebase.js init
[debug] [2025-03-06T00:38:32.167Z] CLI Version:   13.32.0
[debug] [2025-03-06T00:38:32.167Z] Platform:      win32
[debug] [2025-03-06T00:38:32.167Z] Node Version:  v22.11.0
[debug] [2025-03-06T00:38:32.167Z] Time:          Wed Mar 05 2025 18:38:32 GMT-0600 (Central Standard Time)
[debug] [2025-03-06T00:38:32.167Z] ----------------------------------------------------------------------
[debug] 
[debug] [2025-03-06T00:38:32.176Z] > command requires scopes: ["email","openid","https://www.googleapis.com/auth/cloudplatformprojects.readonly","https://www.googleapis.com/auth/firebase","https://www.googleapis.com/auth/cloud-platform"]
[debug] [2025-03-06T00:38:32.177Z] > authorizing via signed-in user (alexquesada22@gmail.com)
[info] 
     ######## #### ########  ######## ########     ###     ######  ########
     ##        ##  ##     ## ##       ##     ##  ##   ##  ##       ##
     ######    ##  ########  ######   ########  #########  ######  ######
     ##        ##  ##    ##  ##       ##     ## ##     ##       ## ##
     ##       #### ##     ## ######## ########  ##     ##  ######  ########

You're about to initialize a Firebase project in this directory:

  C:\Users\AlexQQ\Desktop\happyswimming

[info] 
=== Project Setup
[info] 
[info] First, let's associate this project directory with a Firebase project.
[info] You can create multiple project aliases by running firebase use --add, 
[info] but for now we'll just set up a default project.
[info] 
[info] i  If you want to create a project in a Google Cloud organization or folder, please use "firebase projects:create" instead, and return to this command when you've created the project. 
[debug] [2025-03-06T00:39:21.670Z] Checked if tokens are valid: true, expires at: 1741225085589
[debug] [2025-03-06T00:39:21.671Z] Checked if tokens are valid: true, expires at: 1741225085589
[debug] [2025-03-06T00:39:21.672Z] >>> [apiv2][query] POST https://cloudresourcemanager.googleapis.com/v1/projects [none]
[debug] [2025-03-06T00:39:21.672Z] >>> [apiv2][body] POST https://cloudresourcemanager.googleapis.com/v1/projects {"projectId":"happyswimming","name":"happyswimming"}
[debug] [2025-03-06T00:39:22.521Z] <<< [apiv2][status] POST https://cloudresourcemanager.googleapis.com/v1/projects 200
[debug] [2025-03-06T00:39:22.521Z] <<< [apiv2][body] POST https://cloudresourcemanager.googleapis.com/v1/projects {"name":"operations/cp.7998844294220795130"}
[debug] [2025-03-06T00:39:22.521Z] Checked if tokens are valid: true, expires at: 1741225085589
[debug] [2025-03-06T00:39:22.521Z] Checked if tokens are valid: true, expires at: 1741225085589
[debug] [2025-03-06T00:39:22.522Z] >>> [apiv2][query] GET https://cloudresourcemanager.googleapis.com/v1/operations/cp.7998844294220795130 [none]
[debug] [2025-03-06T00:39:22.889Z] <<< [apiv2][status] GET https://cloudresourcemanager.googleapis.com/v1/operations/cp.7998844294220795130 200
[debug] [2025-03-06T00:39:22.889Z] <<< [apiv2][body] GET https://cloudresourcemanager.googleapis.com/v1/operations/cp.7998844294220795130 {"name":"operations/cp.7998844294220795130"}
[debug] [2025-03-06T00:39:23.392Z] [Project Creation Poller] Retrying task index 0
[debug] [2025-03-06T00:39:23.392Z] Checked if tokens are valid: true, expires at: 1741225085589
[debug] [2025-03-06T00:39:23.393Z] Checked if tokens are valid: true, expires at: 1741225085589
[debug] [2025-03-06T00:39:23.393Z] >>> [apiv2][query] GET https://cloudresourcemanager.googleapis.com/v1/operations/cp.7998844294220795130 [none]
[debug] [2025-03-06T00:39:23.717Z] <<< [apiv2][status] GET https://cloudresourcemanager.googleapis.com/v1/operations/cp.7998844294220795130 200
[debug] [2025-03-06T00:39:23.717Z] <<< [apiv2][body] GET https://cloudresourcemanager.googleapis.com/v1/operations/cp.7998844294220795130 {"name":"operations/cp.7998844294220795130"}
[debug] [2025-03-06T00:39:24.725Z] [Project Creation Poller] Retrying task index 0
[debug] [2025-03-06T00:39:24.725Z] Checked if tokens are valid: true, expires at: 1741225085589
[debug] [2025-03-06T00:39:24.725Z] Checked if tokens are valid: true, expires at: 1741225085589
[debug] [2025-03-06T00:39:24.726Z] >>> [apiv2][query] GET https://cloudresourcemanager.googleapis.com/v1/operations/cp.7998844294220795130 [none]
[debug] [2025-03-06T00:39:25.079Z] <<< [apiv2][status] GET https://cloudresourcemanager.googleapis.com/v1/operations/cp.7998844294220795130 200
[debug] [2025-03-06T00:39:25.079Z] <<< [apiv2][body] GET https://cloudresourcemanager.googleapis.com/v1/operations/cp.7998844294220795130 {"name":"operations/cp.7998844294220795130","metadata":{"@type":"type.googleapis.com/google.cloudresourcemanager.v1.ProjectCreationStatus","gettable":true}}
[debug] [2025-03-06T00:39:27.089Z] [Project Creation Poller] Retrying task index 0
[debug] [2025-03-06T00:39:27.089Z] Checked if tokens are valid: true, expires at: 1741225085589
[debug] [2025-03-06T00:39:27.090Z] Checked if tokens are valid: true, expires at: 1741225085589
[debug] [2025-03-06T00:39:27.090Z] >>> [apiv2][query] GET https://cloudresourcemanager.googleapis.com/v1/operations/cp.7998844294220795130 [none]
[debug] [2025-03-06T00:39:27.448Z] <<< [apiv2][status] GET https://cloudresourcemanager.googleapis.com/v1/operations/cp.7998844294220795130 200
[debug] [2025-03-06T00:39:27.448Z] <<< [apiv2][body] GET https://cloudresourcemanager.googleapis.com/v1/operations/cp.7998844294220795130 {"name":"operations/cp.7998844294220795130","metadata":{"@type":"type.googleapis.com/google.cloudresourcemanager.v1.ProjectCreationStatus","gettable":true,"ready":true},"done":true,"response":{"@type":"type.googleapis.com/google.cloudresourcemanager.v1.Project","projectNumber":"335190643287","projectId":"happyswimming","lifecycleState":"ACTIVE","name":"happyswimming","createTime":"2025-03-06T00:39:24.386448Z"}}
[debug] [2025-03-06T00:39:27.450Z] Checked if tokens are valid: true, expires at: 1741225085589
[debug] [2025-03-06T00:39:27.450Z] Checked if tokens are valid: true, expires at: 1741225085589
[debug] [2025-03-06T00:39:27.450Z] >>> [apiv2][query] POST https://firebase.googleapis.com/v1beta1/projects/happyswimming:addFirebase [none]
[debug] [2025-03-06T00:39:28.397Z] <<< [apiv2][status] POST https://firebase.googleapis.com/v1beta1/projects/happyswimming:addFirebase 403
[debug] [2025-03-06T00:39:28.397Z] <<< [apiv2][body] POST https://firebase.googleapis.com/v1beta1/projects/happyswimming:addFirebase {"error":{"code":403,"message":"The caller does not have permission","status":"PERMISSION_DENIED"}}
[debug] [2025-03-06T00:39:28.398Z] Request to https://firebase.googleapis.com/v1beta1/projects/happyswimming:addFirebase had HTTP Error: 403, The caller does not have permission
[debug] [2025-03-06T00:39:28.684Z] FirebaseError: Request to https://firebase.googleapis.com/v1beta1/projects/happyswimming:addFirebase had HTTP Error: 403, The caller does not have permission
    at responseToError (C:\Users\AlexQQ\AppData\Roaming\npm\node_modules\firebase-tools\lib\responseToError.js:52:12)
    at RetryOperation._fn (C:\Users\AlexQQ\AppData\Roaming\npm\node_modules\firebase-tools\lib\apiv2.js:312:77)
    at process.processTicksAndRejections (node:internal/process/task_queues:105:5)
[error] 
[error] Error: Failed to add Firebase to Google Cloud Platform project. See firebase-debug.log for more info.
